get all image files
time used to get image files: 0.03233146667480469
get all image data
time used to extract image data: 40.26200294494629
time used to extract image data: 0.01761794090270996
time used to extract image data: 0.020015954971313477
time used to extract image data: 0.03965902328491211
time used to extract image data: 0.05874490737915039
time used to extract image data: 0.07817530632019043
time used to extract image data: 0.09783673286437988
time used to extract image data: 0.11734962463378906
time used to extract image data: 0.13656401634216309
time used to extract image data: 0.1567533016204834
time used to extract image data: 0.1753535270690918
time used to extract image data: 0.19440960884094238
time used to extract image data: 0.30428147315979004
time used to extract image data: 0.4159848690032959
time used to extract image data: 0.5249128341674805
time used to extract image data: 0.635502815246582
time used to extract image data: 0.7440237998962402
time used to extract image data: 0.8552303314208984
time used to extract image data: 0.9642398357391357
time used to extract image data: 1.0768229961395264
time used to extract image data: 1.1850111484527588
time used to extract image data: 1.2935009002685547
time used to extract image data: 1.4034337997436523
time used to extract image data: 1.5217633247375488
time used to extract image data: 1.6295630931854248
time used to extract image data: 1.7417805194854736
time used to extract image data: 1.8534786701202393
time used to extract image data: 1.9755430221557617
time used to extract image data: 2.086179256439209
time used to extract image data: 2.1976513862609863
time used to extract image data: 2.2089216709136963
time used to extract image data: 2.21842098236084
time used to extract image data: 2.2286722660064697
time used to extract image data: 2.249323606491089
time used to extract image data: 2.26324725151062
time used to extract image data: 2.28078293800354
time used to extract image data: 2.2931692600250244
time used to extract image data: 2.304877281188965
time used to extract image data: 2.318241834640503
time used to extract image data: 2.3744966983795166
time used to extract image data: 2.444319009780884
time used to extract image data: 2.519381046295166
time used to extract image data: 2.5902209281921387
time used to extract image data: 2.622356653213501
time used to extract image data: 2.6807174682617188
time used to extract image data: 2.706973075866699
time used to extract image data: 2.729769229888916
time used to extract image data: 2.8114686012268066
time used to extract image data: 2.8794167041778564
time used to extract image data: 2.893033742904663
time used to extract image data: 2.928807497024536
time used to extract image data: 3.022890090942383
time used to extract image data: 3.0672192573547363
time used to extract image data: 3.11464786529541
time used to extract image data: 3.163759231567383
time used to extract image data: 3.2014153003692627
time used to extract image data: 3.2501220703125
time used to extract image data: 3.2589547634124756
time used to extract image data: 3.338435411453247
time used to extract image data: 3.405308246612549
time used to extract image data: 3.4590530395507812
time used to extract image data: 3.4804773330688477
time used to extract image data: 3.543592691421509
time used to extract image data: 3.630798816680908
time used to extract image data: 3.6686184406280518
time used to extract image data: 3.7270936965942383
time used to extract image data: 3.8092715740203857
time used to extract image data: 3.8462417125701904
time used to extract image data: 4.127772331237793
time used to extract image data: 4.273941516876221
time used to extract image data: 4.469511270523071
time used to extract image data: 4.540516138076782
time used to extract image data: 4.5912065505981445
time used to extract image data: 4.648284196853638
time used to extract image data: 4.7064619064331055
time used to extract image data: 4.803298234939575
time used to extract image data: 4.844583749771118
time used to extract image data: 4.929245471954346
time used to extract image data: 4.9718918800354
time used to extract image data: 5.063223838806152
time used to extract image data: 5.119591951370239
time used to extract image data: 5.127218008041382
time used to extract image data: 5.193830490112305
time used to extract image data: 5.244544506072998
time used to extract image data: 5.302247762680054
time used to extract image data: 5.362968444824219
time used to extract image data: 5.668131351470947
time used to extract image data: 5.886803150177002
time used to extract image data: 6.1621575355529785
time used to extract image data: 6.446120738983154
time used to extract image data: 6.719477891921997
time used to extract image data: 7.008087158203125
time used to extract image data: 7.26772141456604
time used to extract image data: 7.529031753540039
time used to extract image data: 7.829386472702026
time used to extract image data: 8.10794734954834
time used to extract image data: 8.415271997451782
time used to extract image data: 8.421852111816406
time used to extract image data: 8.533809661865234
time used to extract image data: 8.581741571426392
time used to extract image data: 8.647230386734009
time used to extract image data: 8.936450242996216
time used to extract image data: 9.243751764297485
time used to extract image data: 9.443018913269043
time used to extract image data: 9.787065029144287
time used to extract image data: 10.007298707962036
time used to extract image data: 10.33266568183899
time used to extract image data: 10.586728572845459
time used to extract image data: 10.720768928527832
time used to extract image data: 10.884440183639526
time used to extract image data: 11.243003129959106
time used to extract image data: 11.233919382095337
time used to extract image data: 11.35676622390747
time used to extract image data: 11.611960649490356
time used to extract image data: 11.862842321395874
time used to extract image data: 12.164543151855469
time used to extract image data: 12.480759143829346
time used to extract image data: 12.970942497253418
time used to extract image data: 12.978909730911255
time used to extract image data: 13.284470796585083
time used to extract image data: 13.569252967834473
time used to extract image data: 13.779029130935669
time used to extract image data: 14.098129272460938
time used to extract image data: 14.617080688476562
time used to extract image data: 14.667388916015625
time used to extract image data: 14.963908910751343
time used to extract image data: 15.247032403945923
time used to extract image data: 15.276094436645508
time used to extract image data: 15.622527360916138
time used to extract image data: 15.737972497940063
time used to extract image data: 15.986171007156372
time used to extract image data: 16.396766424179077
time used to extract image data: 16.572155714035034
time used to extract image data: 16.8284854888916
time used to extract image data: 17.02955150604248
time used to extract image data: 17.228734970092773
time used to extract image data: 17.40375304222107
time used to extract image data: 17.68491792678833
time used to extract image data: 17.921411991119385
time used to extract image data: 18.880394458770752
time used to extract image data: 18.48042607307434
time used to extract image data: 18.559741497039795
time used to extract image data: 18.857637643814087
time used to extract image data: 19.036902904510498
time used to extract image data: 19.291763067245483
time used to extract image data: 19.46529245376587
time used to extract image data: 19.565951108932495
time used to extract image data: 19.54349136352539
time used to extract image data: 19.699695587158203
time used to extract image data: 19.6475350856781
time used to extract image data: 19.673715353012085
time used to extract image data: 20.01147198677063
time used to extract image data: 19.81695318222046
time used to extract image data: 19.9331476688385
time used to extract image data: 20.316304922103882
time used to extract image data: 20.437797784805298
time used to extract image data: 21.023794412612915
time used to extract image data: 20.221415758132935
time used to extract image data: 20.137736558914185
time used to extract image data: 20.893633127212524
time used to extract image data: 20.474898099899292
time used to extract image data: 20.426343202590942
time used to extract image data: 20.520180225372314
time used to extract image data: 20.6520893573761
time used to extract image data: 20.596189498901367
time used to extract image data: 20.6338894367218
time used to extract image data: 20.699000597000122
time used to extract image data: 20.70826816558838
time used to extract image data: 20.809808254241943
time used to extract image data: 20.913738489151
time used to extract image data: 20.8926203250885
time used to extract image data: 20.988115310668945
time used to extract image data: 21.099751472473145
time used to extract image data: 21.01258158683777
time used to extract image data: 21.04525589942932
time used to extract image data: 21.038681507110596
time used to extract image data: 21.095321655273438
time used to extract image data: 21.099894523620605
time used to extract image data: 21.761659383773804
time used to extract image data: 21.29513192176819
time used to extract image data: 21.28307318687439
time used to extract image data: 21.637200355529785
time used to extract image data: 21.231386184692383
time used to extract image data: 21.37503480911255
time used to extract image data: 21.328110694885254
time used to extract image data: 21.30218267440796
time used to extract image data: 21.490801095962524
time used to extract image data: 21.612958669662476
time used to extract image data: 21.62154507637024
time used to extract image data: 21.69056797027588
time used to extract image data: 21.66392683982849
time used to extract image data: 21.639578819274902
time used to extract image data: 21.793389081954956
time used to extract image data: 21.807838439941406
time used to extract image data: 21.899189233779907
time used to extract image data: 22.098397493362427
time used to extract image data: 22.013333082199097
time used to extract image data: 22.265894889831543
time used to extract image data: 22.158714532852173
time used to extract image data: 22.233540058135986
time used to extract image data: 22.291780471801758
time used to extract image data: 22.354373693466187
time used to extract image data: 22.41462254524231
time used to extract image data: 22.513089418411255
time used to extract image data: 22.54625940322876
time used to extract image data: 22.553093671798706
time used to extract image data: 22.725268840789795
time used to extract image data: 22.977904558181763
time used to extract image data: 22.768490076065063
time used to extract image data: 22.75113606452942
time used to extract image data: 22.974046230316162
time used to extract image data: 22.883863925933838
time used to extract image data: 23.075583457946777
time used to extract image data: 23.181476831436157
time used to extract image data: 23.026098012924194
time used to extract image data: 23.41860842704773
time used to extract image data: 23.58475923538208
time used to extract image data: 23.162261486053467
time used to extract image data: 23.292173624038696
time used to extract image data: 23.30471420288086
time used to extract image data: 23.460427284240723
time used to extract image data: 23.680583238601685
time used to extract image data: 23.468440294265747
time used to extract image data: 23.65844202041626
time used to extract image data: 23.745920658111572
time used to extract image data: 23.600908041000366
time used to extract image data: 23.767252206802368
time used to extract image data: 23.73250102996826
time used to extract image data: 23.965160608291626
time used to extract image data: 23.865354776382446
time used to extract image data: 23.922021627426147
time used to extract image data: 23.947805881500244
time used to extract image data: 24.061981201171875
time used to extract image data: 24.01574158668518
time used to extract image data: 24.104994297027588
time used to extract image data: 24.119423151016235
time used to extract image data: 24.191792726516724
time used to extract image data: 24.240861654281616
time used to extract image data: 24.317063808441162
time used to extract image data: 24.328205585479736
time used to extract image data: 24.343061447143555
time used to extract image data: 24.42698359489441
time used to extract image data: 24.468847513198853
time used to extract image data: 24.535152912139893
time used to extract image data: 24.6224205493927
time used to extract image data: 24.69983673095703
time used to extract image data: 24.850120306015015
time used to extract image data: 24.785621166229248
time used to extract image data: 24.808188676834106
time used to extract image data: 24.985740184783936
time used to extract image data: 25.302945613861084
time used to extract image data: 25.348691940307617
time used to extract image data: 25.343482732772827
time used to extract image data: 25.35229516029358
time used to extract image data: 25.38420867919922
time used to extract image data: 25.536957502365112
time used to extract image data: 25.581159591674805
time used to extract image data: 25.66369104385376
time used to extract image data: 25.914123058319092
time used to extract image data: 25.787533283233643
time used to extract image data: 25.811089277267456
time used to extract image data: 25.873823404312134
time used to extract image data: 25.943012714385986
time used to extract image data: 25.929070472717285
time used to extract image data: 26.20565915107727
time used to extract image data: 26.069576263427734
time used to extract image data: 26.202043294906616
time used to extract image data: 26.26380157470703
time used to extract image data: 26.44956946372986
time used to extract image data: 26.621315479278564
time used to extract image data: 26.506580352783203
time used to extract image data: 26.462780237197876
time used to extract image data: 26.460176706314087
time used to extract image data: 26.9648494720459
time used to extract image data: 26.614485502243042
time used to extract image data: 26.894123554229736
time used to extract image data: 26.71348261833191
time used to extract image data: 26.712628841400146
time used to extract image data: 26.822794675827026
time used to extract image data: 26.8745539188385
time used to extract image data: 26.90211319923401
time used to extract image data: 27.017470121383667
time used to extract image data: 27.049476861953735
time used to extract image data: 27.109084606170654
time used to extract image data: 27.182525873184204
time used to extract image data: 27.268054008483887
time used to extract image data: 27.308406114578247
time used to extract image data: 27.349539041519165
time used to extract image data: 27.31619691848755
time used to extract image data: 27.43209218978882
time used to extract image data: 27.4679434299469
time used to extract image data: 27.526026725769043
time used to extract image data: 27.631165981292725
time used to extract image data: 27.656532287597656
time used to extract image data: 27.725889444351196
time used to extract image data: 27.84704065322876
time used to extract image data: 27.887795209884644
time used to extract image data: 28.22409176826477
time used to extract image data: 28.128724098205566
time used to extract image data: 28.270156383514404
time used to extract image data: 27.984683513641357
time used to extract image data: 28.215518951416016
time used to extract image data: 28.37039566040039
time used to extract image data: 28.2205650806427
time used to extract image data: 28.204955101013184
time used to extract image data: 28.300187826156616
time used to extract image data: 28.353678226470947
time used to extract image data: 28.39034128189087
time used to extract image data: 28.473779916763306
time used to extract image data: 28.549739837646484
time used to extract image data: 28.52411961555481
time used to extract image data: 28.612354278564453
time used to extract image data: 28.72143864631653
time used to extract image data: 28.94269323348999
time used to extract image data: 28.775434494018555
time used to extract image data: 28.81078600883484
time used to extract image data: 28.918325901031494/home/chaofeng/.local/lib/python3.5/site-packages/sklearn/cross_validation.py:41: DeprecationWarning: This module was deprecated in version 0.18 in favor of the model_selection module into which all the refactored classes and functions are moved. Also note that the interface of the new CV iterators are different from that of this module. This module will be removed in 0.20.
  "This module will be removed in 0.20.", DeprecationWarning)

time used to extract image data: 29.023963689804077
time used to extract image data: 29.33384084701538
time used to extract image data: 29.124114990234375
time used to extract image data: 29.48637104034424
time used to extract image data: 29.166550874710083
time used to extract image data: 29.285569190979004
time used to extract image data: 29.75480318069458
time used to extract image data: 29.36813759803772
time used to extract image data: 29.448469161987305
time used to extract image data: 29.32811689376831
time used to extract image data: 29.47395610809326
time used to extract image data: 29.61686635017395
time used to extract image data: 29.517772674560547
time used to extract image data: 29.65413808822632
time used to extract image data: 29.6032292842865
time used to extract image data: 29.686434984207153
time used to extract image data: 30.238109827041626
time used to extract image data: 30.422065019607544
time used to extract image data: 30.18104100227356
time used to extract image data: 30.057317972183228
time used to extract image data: 29.980018615722656
time used to extract image data: 30.31875777244568
time used to extract image data: 30.177980422973633
time used to extract image data: 30.182746648788452
time used to extract image data: 30.39376926422119
time used to extract image data: 30.489797353744507
time used to extract image data: 30.724135160446167
time used to extract image data: 30.456316471099854
time used to extract image data: 30.5486261844635
time used to extract image data: 30.60309648513794
time used to extract image data: 30.692363023757935
time used to extract image data: 34.11525774002075
time used to extract image data: 31.239551067352295
time used to extract image data: 31.13099503517151
time used to extract image data: 31.381529569625854
time used to extract image data: 31.165586948394775
time used to extract image data: 31.6951425075531
time used to extract image data: 31.303792238235474
time used to extract image data: 33.02679443359375
time used to extract image data: 31.630520820617676
time used to extract image data: 31.4009907245636
time used to extract image data: 31.332491874694824
time used to extract image data: 31.43834090232849
time used to extract image data: 31.82279348373413
time used to extract image data: 32.144737005233765
time used to extract image data: 32.16800832748413
time used to extract image data: 32.34069800376892
time used to extract image data: 32.113542556762695
time used to extract image data: 31.991313934326172
time used to extract image data: 31.922125577926636
time used to extract image data: 32.069802045822144
time used to extract image data: 32.15386152267456
time used to extract image data: 32.46003985404968
time used to extract image data: 32.39603018760681
time used to extract image data: 32.2678542137146
time used to extract image data: 32.249242067337036
time used to extract image data: 32.36138319969177
time used to extract image data: 32.50374174118042
time used to extract image data: 32.74467587471008
time used to extract image data: 32.89737868309021
time used to extract image data: 32.829288482666016
time used to extract image data: 32.54490351676941
time used to extract image data: 32.6753306388855
time used to extract image data: 32.738306522369385
time used to extract image data: 33.008660554885864
time used to extract image data: 32.7128586769104
time used to extract image data: 32.82779288291931
time used to extract image data: 35.957608699798584
time used to extract image data: 37.282382011413574
time used to extract image data: 35.007447719573975
time used to extract image data: 33.76421761512756
time used to extract image data: 33.04604172706604
time used to extract image data: 33.0060498714447
time used to extract image data: 33.267791748046875
time used to extract image data: 33.28808355331421
time used to extract image data: 32.97473359107971
time used to extract image data: 33.19013690948486
time used to extract image data: 32.97869610786438
time used to extract image data: 33.089943647384644
time used to extract image data: 32.98970127105713
time used to extract image data: 33.37969946861267
time used to extract image data: 33.33960771560669
time used to extract image data: 33.64593863487244
time used to extract image data: 33.164878845214844
time used to extract image data: 33.13221621513367
time used to extract image data: 33.21741247177124
time used to extract image data: 33.390960693359375
time used to extract image data: 33.175955057144165
time used to extract image data: 33.28805088996887
time used to extract image data: 33.274306535720825
time used to extract image data: 33.240933895111084
time used to extract image data: 33.47913599014282
time used to extract image data: 33.22170305252075
time used to extract image data: 33.314029932022095
time used to extract image data: 33.344050884246826
time used to extract image data: 33.28825306892395
time used to extract image data: 33.36024713516235
time used to extract image data: 33.3594446182251
time used to extract image data: 33.40047836303711
time used to extract image data: 33.414740800857544
time used to extract image data: 33.93546724319458
time used to extract image data: 33.41265535354614
time used to extract image data: 33.47125029563904
time used to extract image data: 33.52111625671387
time used to extract image data: 33.732617139816284
time used to extract image data: 33.52963185310364
time used to extract image data: 33.56511950492859
time used to extract image data: 33.583964824676514
time used to extract image data: 33.68899941444397
time used to extract image data: 33.603885650634766
time used to extract image data: 33.6727454662323
time used to extract image data: 33.73037767410278
time used to extract image data: 33.79732823371887
time used to extract image data: 33.77629852294922
time used to extract image data: 33.88835835456848
time used to extract image data: 33.7868492603302
time used to extract image data: 33.79648947715759
time used to extract image data: 33.94231128692627
time used to extract image data: 34.281105041503906
time used to extract image data: 34.02540159225464
time used to extract image data: 34.01055955886841
time used to extract image data: 34.082619428634644
time used to extract image data: 34.279666900634766
time used to extract image data: 34.096874713897705
time used to extract image data: 34.76220369338989
time used to extract image data: 34.2161500453949
time used to extract image data: 34.215827226638794
time used to extract image data: 36.163318157196045
time used to extract image data: 41.687631368637085
time used to extract image data: 35.70864963531494
time used to extract image data: 36.823928117752075
time used to extract image data: 34.814502000808716
time used to extract image data: 34.27452111244202
time used to extract image data: 34.369853496551514
time used to extract image data: 34.58270597457886
time used to extract image data: 34.386711835861206
time used to extract image data: 34.48818588256836
time used to extract image data: 34.41407322883606
time used to extract image data: 34.49665570259094
time used to extract image data: 34.603015422821045
time used to extract image data: 34.62306761741638
time used to extract image data: 34.59259581565857
time used to extract image data: 34.75582194328308
time used to extract image data: 35.02875113487244
time used to extract image data: 34.78050255775452
time used to extract image data: 34.8929808139801
time used to extract image data: 34.90067934989929
time used to extract image data: 35.03646802902222
time used to extract image data: 35.1810736656189
time used to extract image data: 35.15679478645325
time used to extract image data: 35.59320521354675
time used to extract image data: 35.43860912322998
time used to extract image data: 35.76496148109436
time used to extract image data: 35.683886766433716
time used to extract image data: 36.024662494659424
time used to extract image data: 35.5547661781311
time used to extract image data: 35.547091484069824
time used to extract image data: 35.65280628204346
time used to extract image data: 35.71130871772766
time used to extract image data: 35.77823066711426
time used to extract image data: 36.53030800819397
time used to extract image data: 36.04608082771301
time used to extract image data: 35.91270399093628
time used to extract image data: 36.10938739776611
time used to extract image data: 36.70173454284668
time used to extract image data: 36.36702251434326
time used to extract image data: 36.52186322212219
time used to extract image data: 36.21393275260925
time used to extract image data: 36.482240200042725
time used to extract image data: 36.272279024124146
time used to extract image data: 36.34062838554382
time used to extract image data: 36.35662484169006
time used to extract image data: 36.47032427787781
time used to extract image data: 36.58906149864197
time used to extract image data: 36.92377257347107
time used to extract image data: 36.62879991531372
time used to extract image data: 36.701560497283936
time used to extract image data: 36.95357322692871
time used to extract image data: 36.83693218231201
time used to extract image data: 36.95999026298523
time used to extract image data: 37.35311317443848
time used to extract image data: 37.28285479545593
time used to extract image data: 37.119959354400635
time used to extract image data: 37.15283226966858
time used to extract image data: 37.32705616950989
time used to extract image data: 37.350300788879395
time used to extract image data: 37.97029209136963
time used to extract image data: 37.55559229850769
time used to extract image data: 37.72161793708801
time used to extract image data: 38.033037424087524
time used to extract image data: 37.965116024017334
time used to extract image data: 38.026217222213745
time used to extract image data: 38.15574789047241
time used to extract image data: 38.49273896217346
time used to extract image data: 38.346784830093384
time used to extract image data: 38.44501733779907
time used to extract image data: 38.60216951370239
time used to extract image data: 38.81802988052368
time used to extract image data: 38.64430594444275
time used to extract image data: 38.76579236984253
time used to extract image data: 38.9987473487854
time used to extract image data: 38.939740896224976
time used to extract image data: 38.96648907661438
time used to extract image data: 38.9141788482666
time used to extract image data: 39.26214146614075
time used to extract image data: 39.353962659835815
time used to extract image data: 39.38108992576599
time used to extract image data: 39.2481255531311
time used to extract image data: 39.486119985580444
time used to extract image data: 39.312952518463135
time used to extract image data: 39.32554769515991
time used to extract image data: 39.518240213394165
time used to extract image data: 43.47425150871277
time used to extract image data: 44.777477979660034
time used to extract image data: 44.492117166519165
time used to extract image data: 40.85579061508179
get all label data
Traceback (most recent call last):
  File "main.py", line 80, in <module>
    y = data.get_label_data(label_file_path, valid_list)
  File "/home/chaofeng/Documents/practicum/using_docker_logi_reg/data.py", line 58, in get_label_data
    f = open(file_name)
FileNotFoundError: [Errno 2] No such file or directory: ''
